[debug] [2023-12-01T14:56:47.654Z] ----------------------------------------------------------------------
[debug] [2023-12-01T14:56:47.655Z] Command:       /Users/daianebabicz/.nvm/versions/node/v16.20.2/bin/node /Users/daianebabicz/.nvm/versions/node/v16.20.2/bin/firebase deploy --only functions
[debug] [2023-12-01T14:56:47.656Z] CLI Version:   12.9.1
[debug] [2023-12-01T14:56:47.656Z] Platform:      darwin
[debug] [2023-12-01T14:56:47.656Z] Node Version:  v16.20.2
[debug] [2023-12-01T14:56:47.656Z] Time:          Fri Dec 01 2023 11:56:47 GMT-0300 (Horário Padrão de Brasília)
[debug] [2023-12-01T14:56:47.657Z] ----------------------------------------------------------------------
[debug] 
[debug] [2023-12-01T14:56:47.692Z] > command requires scopes: ["email","openid","https://www.googleapis.com/auth/cloudplatformprojects.readonly","https://www.googleapis.com/auth/firebase","https://www.googleapis.com/auth/cloud-platform"]
[debug] [2023-12-01T14:56:47.693Z] > authorizing via signed-in user (daibabicz@gmail.com)
[debug] [2023-12-01T14:56:47.693Z] [iam] checking project tech4med-43b95 for permissions ["cloudfunctions.functions.create","cloudfunctions.functions.delete","cloudfunctions.functions.get","cloudfunctions.functions.list","cloudfunctions.functions.update","cloudfunctions.operations.get","firebase.projects.get"]
[debug] [2023-12-01T14:56:47.694Z] >>> [apiv2][query] POST https://cloudresourcemanager.googleapis.com/v1/projects/tech4med-43b95:testIamPermissions [none]
[debug] [2023-12-01T14:56:47.694Z] >>> [apiv2][(partial)header] POST https://cloudresourcemanager.googleapis.com/v1/projects/tech4med-43b95:testIamPermissions x-goog-quota-user=projects/tech4med-43b95
[debug] [2023-12-01T14:56:47.694Z] >>> [apiv2][body] POST https://cloudresourcemanager.googleapis.com/v1/projects/tech4med-43b95:testIamPermissions {"permissions":["cloudfunctions.functions.create","cloudfunctions.functions.delete","cloudfunctions.functions.get","cloudfunctions.functions.list","cloudfunctions.functions.update","cloudfunctions.operations.get","firebase.projects.get"]}
[debug] [2023-12-01T14:56:48.702Z] <<< [apiv2][status] POST https://cloudresourcemanager.googleapis.com/v1/projects/tech4med-43b95:testIamPermissions 200
[debug] [2023-12-01T14:56:48.702Z] <<< [apiv2][body] POST https://cloudresourcemanager.googleapis.com/v1/projects/tech4med-43b95:testIamPermissions {"permissions":["cloudfunctions.functions.create","cloudfunctions.functions.delete","cloudfunctions.functions.get","cloudfunctions.functions.list","cloudfunctions.functions.update","cloudfunctions.operations.get","firebase.projects.get"]}
[debug] [2023-12-01T14:56:48.702Z] >>> [apiv2][query] POST https://iam.googleapis.com/v1/projects/tech4med-43b95/serviceAccounts/tech4med-43b95@appspot.gserviceaccount.com:testIamPermissions [none]
[debug] [2023-12-01T14:56:48.702Z] >>> [apiv2][body] POST https://iam.googleapis.com/v1/projects/tech4med-43b95/serviceAccounts/tech4med-43b95@appspot.gserviceaccount.com:testIamPermissions {"permissions":["iam.serviceAccounts.actAs"]}
[debug] [2023-12-01T14:56:49.079Z] <<< [apiv2][status] POST https://iam.googleapis.com/v1/projects/tech4med-43b95/serviceAccounts/tech4med-43b95@appspot.gserviceaccount.com:testIamPermissions 200
[debug] [2023-12-01T14:56:49.079Z] <<< [apiv2][body] POST https://iam.googleapis.com/v1/projects/tech4med-43b95/serviceAccounts/tech4med-43b95@appspot.gserviceaccount.com:testIamPermissions {"permissions":["iam.serviceAccounts.actAs"]}
[info] 
[info] === Deploying to 'tech4med-43b95'...
[info] 
[info] i  deploying functions 
[info] Running command: npm --prefix "$RESOURCE_DIR" run lint
[info] ✔  functions: Finished running predeploy script. 
[debug] [2023-12-01T14:56:51.097Z] >>> [apiv2][query] GET https://firebase.googleapis.com/v1beta1/projects/tech4med-43b95 [none]
[debug] [2023-12-01T14:56:51.566Z] <<< [apiv2][status] GET https://firebase.googleapis.com/v1beta1/projects/tech4med-43b95 200
[debug] [2023-12-01T14:56:51.566Z] <<< [apiv2][body] GET https://firebase.googleapis.com/v1beta1/projects/tech4med-43b95 {"projectId":"tech4med-43b95","projectNumber":"738922399838","displayName":"tech4med","name":"projects/tech4med-43b95","resources":{"hostingSite":"tech4med-43b95"},"state":"ACTIVE","etag":"1_c62cf771-dbdd-4e3e-b707-77cf777a9346"}
[info] i  functions: preparing codebase default for deployment 
[info] i  functions: ensuring required API cloudfunctions.googleapis.com is enabled... 
[info] i  functions: ensuring required API cloudbuild.googleapis.com is enabled... 
[info] i  artifactregistry: ensuring required API artifactregistry.googleapis.com is enabled... 
[debug] [2023-12-01T14:56:51.567Z] >>> [apiv2][query] GET https://serviceusage.googleapis.com/v1/projects/tech4med-43b95/services/cloudfunctions.googleapis.com [none]
[debug] [2023-12-01T14:56:51.567Z] >>> [apiv2][(partial)header] GET https://serviceusage.googleapis.com/v1/projects/tech4med-43b95/services/cloudfunctions.googleapis.com x-goog-quota-user=projects/tech4med-43b95
[debug] [2023-12-01T14:56:51.568Z] >>> [apiv2][query] GET https://serviceusage.googleapis.com/v1/projects/tech4med-43b95/services/runtimeconfig.googleapis.com [none]
[debug] [2023-12-01T14:56:51.568Z] >>> [apiv2][(partial)header] GET https://serviceusage.googleapis.com/v1/projects/tech4med-43b95/services/runtimeconfig.googleapis.com x-goog-quota-user=projects/tech4med-43b95
[debug] [2023-12-01T14:56:51.568Z] >>> [apiv2][query] GET https://serviceusage.googleapis.com/v1/projects/tech4med-43b95/services/cloudbuild.googleapis.com [none]
[debug] [2023-12-01T14:56:51.568Z] >>> [apiv2][(partial)header] GET https://serviceusage.googleapis.com/v1/projects/tech4med-43b95/services/cloudbuild.googleapis.com x-goog-quota-user=projects/tech4med-43b95
[debug] [2023-12-01T14:56:51.568Z] >>> [apiv2][query] GET https://serviceusage.googleapis.com/v1/projects/tech4med-43b95/services/artifactregistry.googleapis.com [none]
[debug] [2023-12-01T14:56:51.568Z] >>> [apiv2][(partial)header] GET https://serviceusage.googleapis.com/v1/projects/tech4med-43b95/services/artifactregistry.googleapis.com x-goog-quota-user=projects/tech4med-43b95
[debug] [2023-12-01T14:56:52.694Z] <<< [apiv2][status] GET https://serviceusage.googleapis.com/v1/projects/tech4med-43b95/services/runtimeconfig.googleapis.com 200
[debug] [2023-12-01T14:56:52.694Z] <<< [apiv2][body] GET https://serviceusage.googleapis.com/v1/projects/tech4med-43b95/services/runtimeconfig.googleapis.com [omitted]
[debug] [2023-12-01T14:56:52.694Z] <<< [apiv2][status] GET https://serviceusage.googleapis.com/v1/projects/tech4med-43b95/services/artifactregistry.googleapis.com 200
[debug] [2023-12-01T14:56:52.694Z] <<< [apiv2][body] GET https://serviceusage.googleapis.com/v1/projects/tech4med-43b95/services/artifactregistry.googleapis.com [omitted]
[info] ✔  artifactregistry: required API artifactregistry.googleapis.com is enabled 
[debug] [2023-12-01T14:56:52.695Z] <<< [apiv2][status] GET https://serviceusage.googleapis.com/v1/projects/tech4med-43b95/services/cloudbuild.googleapis.com 200
[debug] [2023-12-01T14:56:52.695Z] <<< [apiv2][body] GET https://serviceusage.googleapis.com/v1/projects/tech4med-43b95/services/cloudbuild.googleapis.com [omitted]
[info] ✔  functions: required API cloudbuild.googleapis.com is enabled 
[debug] [2023-12-01T14:56:52.695Z] <<< [apiv2][status] GET https://serviceusage.googleapis.com/v1/projects/tech4med-43b95/services/cloudfunctions.googleapis.com 200
[debug] [2023-12-01T14:56:52.696Z] <<< [apiv2][body] GET https://serviceusage.googleapis.com/v1/projects/tech4med-43b95/services/cloudfunctions.googleapis.com [omitted]
[info] ✔  functions: required API cloudfunctions.googleapis.com is enabled 
[debug] [2023-12-01T14:56:52.696Z] >>> [apiv2][query] GET https://firebase.googleapis.com/v1beta1/projects/tech4med-43b95/adminSdkConfig [none]
[debug] [2023-12-01T14:56:53.110Z] <<< [apiv2][status] GET https://firebase.googleapis.com/v1beta1/projects/tech4med-43b95/adminSdkConfig 200
[debug] [2023-12-01T14:56:53.111Z] <<< [apiv2][body] GET https://firebase.googleapis.com/v1beta1/projects/tech4med-43b95/adminSdkConfig {"projectId":"tech4med-43b95","storageBucket":"tech4med-43b95.appspot.com"}
[debug] [2023-12-01T14:56:53.111Z] >>> [apiv2][query] GET https://runtimeconfig.googleapis.com/v1beta1/projects/tech4med-43b95/configs [none]
[debug] [2023-12-01T14:56:53.558Z] <<< [apiv2][status] GET https://runtimeconfig.googleapis.com/v1beta1/projects/tech4med-43b95/configs 200
[debug] [2023-12-01T14:56:53.558Z] <<< [apiv2][body] GET https://runtimeconfig.googleapis.com/v1beta1/projects/tech4med-43b95/configs {"configs":[{"name":"projects/tech4med-43b95/configs/sendgrid"}]}
[debug] [2023-12-01T14:56:53.558Z] >>> [apiv2][query] GET https://runtimeconfig.googleapis.com/v1beta1/projects/tech4med-43b95/configs/sendgrid/variables [none]
[debug] [2023-12-01T14:56:53.878Z] <<< [apiv2][status] GET https://runtimeconfig.googleapis.com/v1beta1/projects/tech4med-43b95/configs/sendgrid/variables 200
[debug] [2023-12-01T14:56:53.878Z] <<< [apiv2][body] GET https://runtimeconfig.googleapis.com/v1beta1/projects/tech4med-43b95/configs/sendgrid/variables {"variables":[{"name":"projects/tech4med-43b95/configs/sendgrid/variables/key","updateTime":"2023-11-30T18:41:25.550201225Z"}]}
[debug] [2023-12-01T14:56:53.879Z] >>> [apiv2][query] GET https://runtimeconfig.googleapis.com/v1beta1/projects/tech4med-43b95/configs/sendgrid/variables/key [none]
[debug] [2023-12-01T14:56:54.842Z] <<< [apiv2][status] GET https://runtimeconfig.googleapis.com/v1beta1/projects/tech4med-43b95/configs/sendgrid/variables/key 200
[debug] [2023-12-01T14:56:54.842Z] <<< [apiv2][body] GET https://runtimeconfig.googleapis.com/v1beta1/projects/tech4med-43b95/configs/sendgrid/variables/key {"name":"projects/tech4med-43b95/configs/sendgrid/variables/key","updateTime":"2023-11-30T18:41:25.550201225Z","text":"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"}
[debug] [2023-12-01T14:56:54.843Z] Validating nodejs source
[debug] [2023-12-01T14:56:55.193Z] > [functions] package.json contents: {
  "name": "functions",
  "description": "Cloud Functions for Firebase",
  "scripts": {
    "lint": "eslint .",
    "serve": "firebase emulators:start --only functions",
    "shell": "firebase functions:shell",
    "start": "npm run shell",
    "deploy": "firebase deploy --only functions",
    "logs": "firebase functions:log"
  },
  "engines": {
    "node": "18"
  },
  "main": "index.js",
  "dependencies": {
    "@sendgrid/mail": "^7.7.0",
    "axios": "^1.6.2",
    "firebase-admin": "^11.8.0",
    "firebase-functions": "^4.3.1"
  },
  "devDependencies": {
    "eslint": "^8.15.0",
    "eslint-config-google": "^0.14.0",
    "firebase-functions-test": "^3.1.0"
  },
  "private": true
}
[debug] [2023-12-01T14:56:55.193Z] Building nodejs source
[info] i  functions: Loading and analyzing source code for codebase default to determine what to deploy 
[debug] [2023-12-01T14:56:55.194Z] Could not find functions.yaml. Must use http discovery
[debug] [2023-12-01T14:56:55.198Z] Found firebase-functions binary at '/Users/daianebabicz/Desktop/tech4med/functions/node_modules/.bin/firebase-functions'
[info] Serving at port 8618

[debug] [2023-12-01T14:56:55.986Z] Got response from /__/functions.yaml {"endpoints":{"sendEmail":{"platform":"gcfv1","labels":{},"availableMemoryMb":null,"timeoutSeconds":null,"minInstances":null,"maxInstances":null,"ingressSettings":null,"serviceAccountEmail":null,"vpc":null,"callableTrigger":{},"entryPoint":"sendEmail"}},"specVersion":"v1alpha1","requiredAPIs":[]}
[info] i  functions: preparing functions directory for uploading... 
[info] i  functions: packaged /Users/daianebabicz/Desktop/tech4med/functions (77.13 KB) for uploading 
[debug] [2023-12-01T14:56:56.020Z] >>> [apiv2][query] GET https://cloudfunctions.googleapis.com/v1/projects/tech4med-43b95/locations/-/functions [none]
[debug] [2023-12-01T14:56:57.303Z] <<< [apiv2][status] GET https://cloudfunctions.googleapis.com/v1/projects/tech4med-43b95/locations/-/functions 200
[debug] [2023-12-01T14:56:57.303Z] <<< [apiv2][body] GET https://cloudfunctions.googleapis.com/v1/projects/tech4med-43b95/locations/-/functions {"functions":[{"name":"projects/tech4med-43b95/locations/us-central1/functions/sendEmail","httpsTrigger":{"url":"https://us-central1-tech4med-43b95.cloudfunctions.net/sendEmail","securityLevel":"SECURE_ALWAYS"},"status":"ACTIVE","entryPoint":"sendEmail","timeout":"60s","availableMemoryMb":256,"serviceAccountEmail":"tech4med-43b95@appspot.gserviceaccount.com","updateTime":"2023-11-30T18:53:34.574Z","versionId":"3","labels":{"deployment-tool":"cli-firebase","deployment-callable":"true","firebase-functions-hash":"7993ab263157b0407d97aa3dee5db212d559b54c"},"sourceUploadUrl":"https://storage.googleapis.com/uploads-208795101614.us-central1.cloudfunctions.appspot.com/a8ea599f-b114-4d1a-aea5-ea7562913baf.zip","environmentVariables":{"FIREBASE_CONFIG":"{\"projectId\":\"tech4med-43b95\",\"storageBucket\":\"tech4med-43b95.appspot.com\"}","GCLOUD_PROJECT":"tech4med-43b95","EVENTARC_CLOUD_EVENT_SOURCE":"projects/tech4med-43b95/locations/us-central1/functions/sendEmail"},"runtime":"nodejs18","ingressSettings":"ALLOW_ALL","buildId":"cc283622-e4ab-4f48-9db0-a1364e83c876","buildEnvironmentVariables":{"GOOGLE_NODE_RUN_SCRIPTS":""},"buildName":"projects/738922399838/locations/us-central1/builds/cc283622-e4ab-4f48-9db0-a1364e83c876","dockerRegistry":"ARTIFACT_REGISTRY"}]}
[debug] [2023-12-01T14:56:57.303Z] >>> [apiv2][query] GET https://cloudfunctions.googleapis.com/v2/projects/tech4med-43b95/locations/-/functions filter=environment%3D%22GEN_2%22
[debug] [2023-12-01T14:56:58.631Z] <<< [apiv2][status] GET https://cloudfunctions.googleapis.com/v2/projects/tech4med-43b95/locations/-/functions 200
[debug] [2023-12-01T14:56:58.631Z] <<< [apiv2][body] GET https://cloudfunctions.googleapis.com/v2/projects/tech4med-43b95/locations/-/functions {}
[debug] [2023-12-01T14:56:58.632Z] >>> [apiv2][query] GET https://firebase.googleapis.com/v1beta1/projects/tech4med-43b95 [none]
[debug] [2023-12-01T14:56:59.017Z] <<< [apiv2][status] GET https://firebase.googleapis.com/v1beta1/projects/tech4med-43b95 200
[debug] [2023-12-01T14:56:59.017Z] <<< [apiv2][body] GET https://firebase.googleapis.com/v1beta1/projects/tech4med-43b95 {"projectId":"tech4med-43b95","projectNumber":"738922399838","displayName":"tech4med","name":"projects/tech4med-43b95","resources":{"hostingSite":"tech4med-43b95"},"state":"ACTIVE","etag":"1_c62cf771-dbdd-4e3e-b707-77cf777a9346"}
[debug] [2023-12-01T14:56:59.018Z] >>> [apiv2][query] POST https://cloudfunctions.googleapis.com/v1/projects/tech4med-43b95/locations/us-central1/functions:generateUploadUrl [none]
[debug] [2023-12-01T14:56:59.018Z] >>> [apiv2][body] POST https://cloudfunctions.googleapis.com/v1/projects/tech4med-43b95/locations/us-central1/functions:generateUploadUrl {}
[debug] [2023-12-01T14:57:00.064Z] <<< [apiv2][status] POST https://cloudfunctions.googleapis.com/v1/projects/tech4med-43b95/locations/us-central1/functions:generateUploadUrl 200
[debug] [2023-12-01T14:57:00.064Z] <<< [apiv2][body] POST https://cloudfunctions.googleapis.com/v1/projects/tech4med-43b95/locations/us-central1/functions:generateUploadUrl {"uploadUrl":"https://storage.googleapis.com/uploads-208795101614.us-central1.cloudfunctions.appspot.com/e7f5320e-1e85-4e2a-ad7b-c0a590bd8148.zip?GoogleAccessId=service-738922399838@gcf-admin-robot.iam.gserviceaccount.com&Expires=1701444420&Signature=afminarsdSiQDxF2BuhM%2FPspiChUWHDesDStCHrTNALrqF84chqw4sSNOdds1GO%2FidELK%2FhJjuMYtHZYPbUA2Uw2d8m021ccmHkDbBTIKCMHnk6gAIhq4ntyQ0Zu6rIBxTeG5Y8RlbOg4Y%2Fc6Ta6xOIAguF8h%2FUvlfDnyjjj0ZJ4q%2FB3pGPHwisUL5v95yUL4jASO9LkWdiDQKeyumwzlHt3yoIsuK0Mp4UcEjbREqREPn7FxKfhC%2BuHjCwDHNSozrLjBK3l%2FfvNvaabbtbPXCFFw5Y7Tgl1J0ZpQRCx3y%2FwazSjShWmIDBfq5oijDP1zKI3q8JIaV%2FAgPejfNwX7g%3D%3D"}
[debug] [2023-12-01T14:57:00.064Z] >>> [apiv2][query] PUT https://storage.googleapis.com/uploads-208795101614.us-central1.cloudfunctions.appspot.com/e7f5320e-1e85-4e2a-ad7b-c0a590bd8148.zip GoogleAccessId=service-738922399838%40gcf-admin-robot.iam.gserviceaccount.com&Expires=1701444420&Signature=afminarsdSiQDxF2BuhM%2FPspiChUWHDesDStCHrTNALrqF84chqw4sSNOdds1GO%2FidELK%2FhJjuMYtHZYPbUA2Uw2d8m021ccmHkDbBTIKCMHnk6gAIhq4ntyQ0Zu6rIBxTeG5Y8RlbOg4Y%2Fc6Ta6xOIAguF8h%2FUvlfDnyjjj0ZJ4q%2FB3pGPHwisUL5v95yUL4jASO9LkWdiDQKeyumwzlHt3yoIsuK0Mp4UcEjbREqREPn7FxKfhC%2BuHjCwDHNSozrLjBK3l%2FfvNvaabbtbPXCFFw5Y7Tgl1J0ZpQRCx3y%2FwazSjShWmIDBfq5oijDP1zKI3q8JIaV%2FAgPejfNwX7g%3D%3D
[debug] [2023-12-01T14:57:00.064Z] >>> [apiv2][body] PUT https://storage.googleapis.com/uploads-208795101614.us-central1.cloudfunctions.appspot.com/e7f5320e-1e85-4e2a-ad7b-c0a590bd8148.zip [stream]
[debug] [2023-12-01T14:57:01.467Z] <<< [apiv2][status] PUT https://storage.googleapis.com/uploads-208795101614.us-central1.cloudfunctions.appspot.com/e7f5320e-1e85-4e2a-ad7b-c0a590bd8148.zip 200
[debug] [2023-12-01T14:57:01.467Z] <<< [apiv2][body] PUT https://storage.googleapis.com/uploads-208795101614.us-central1.cloudfunctions.appspot.com/e7f5320e-1e85-4e2a-ad7b-c0a590bd8148.zip [omitted]
[info] ✔  functions: functions folder uploaded successfully 
[info] i  functions: updating Node.js 18 (1st Gen) function sendEmail(us-central1)... 
[debug] [2023-12-01T14:57:01.470Z] >>> [apiv2][query] PATCH https://cloudfunctions.googleapis.com/v1/projects/tech4med-43b95/locations/us-central1/functions/sendEmail updateMask=name%2CsourceUploadUrl%2CentryPoint%2Cruntime%2CdockerRegistry%2Clabels%2ChttpsTrigger.securityLevel%2CminInstances%2CmaxInstances%2CingressSettings%2CenvironmentVariables%2CserviceAccountEmail%2CavailableMemoryMb%2Ctimeout%2CvpcConnector%2CvpcConnectorEgressSettings%2CsourceToken%2CbuildEnvironmentVariables
[debug] [2023-12-01T14:57:01.470Z] >>> [apiv2][body] PATCH https://cloudfunctions.googleapis.com/v1/projects/tech4med-43b95/locations/us-central1/functions/sendEmail {"name":"projects/tech4med-43b95/locations/us-central1/functions/sendEmail","sourceUploadUrl":"https://storage.googleapis.com/uploads-208795101614.us-central1.cloudfunctions.appspot.com/e7f5320e-1e85-4e2a-ad7b-c0a590bd8148.zip?GoogleAccessId=service-738922399838@gcf-admin-robot.iam.gserviceaccount.com&Expires=1701444420&Signature=afminarsdSiQDxF2BuhM%2FPspiChUWHDesDStCHrTNALrqF84chqw4sSNOdds1GO%2FidELK%2FhJjuMYtHZYPbUA2Uw2d8m021ccmHkDbBTIKCMHnk6gAIhq4ntyQ0Zu6rIBxTeG5Y8RlbOg4Y%2Fc6Ta6xOIAguF8h%2FUvlfDnyjjj0ZJ4q%2FB3pGPHwisUL5v95yUL4jASO9LkWdiDQKeyumwzlHt3yoIsuK0Mp4UcEjbREqREPn7FxKfhC%2BuHjCwDHNSozrLjBK3l%2FfvNvaabbtbPXCFFw5Y7Tgl1J0ZpQRCx3y%2FwazSjShWmIDBfq5oijDP1zKI3q8JIaV%2FAgPejfNwX7g%3D%3D","entryPoint":"sendEmail","runtime":"nodejs18","dockerRegistry":"ARTIFACT_REGISTRY","labels":{"deployment-tool":"cli-firebase","deployment-callable":"true","firebase-functions-hash":"265ad30acc3830d9aa2b1dbaebbdb65bd6950a75"},"httpsTrigger":{"securityLevel":"SECURE_ALWAYS"},"minInstances":null,"maxInstances":null,"ingressSettings":null,"environmentVariables":{"FIREBASE_CONFIG":"{\"projectId\":\"tech4med-43b95\",\"storageBucket\":\"tech4med-43b95.appspot.com\"}","GCLOUD_PROJECT":"tech4med-43b95","EVENTARC_CLOUD_EVENT_SOURCE":"projects/tech4med-43b95/locations/us-central1/functions/sendEmail"},"serviceAccountEmail":null,"availableMemoryMb":null,"timeout":null,"vpcConnector":null,"vpcConnectorEgressSettings":null,"buildEnvironmentVariables":{"GOOGLE_NODE_RUN_SCRIPTS":""}}
[debug] [2023-12-01T14:57:02.527Z] <<< [apiv2][status] PATCH https://cloudfunctions.googleapis.com/v1/projects/tech4med-43b95/locations/us-central1/functions/sendEmail 200
[debug] [2023-12-01T14:57:02.527Z] <<< [apiv2][body] PATCH https://cloudfunctions.googleapis.com/v1/projects/tech4med-43b95/locations/us-central1/functions/sendEmail {"name":"operations/dGVjaDRtZWQtNDNiOTUvdXMtY2VudHJhbDEvc2VuZEVtYWlsL0xwQ2pOdnp4NjFZ","metadata":{"@type":"type.googleapis.com/google.cloud.functions.v1.OperationMetadataV1","target":"projects/tech4med-43b95/locations/us-central1/functions/sendEmail","type":"UPDATE_FUNCTION","request":{"@type":"type.googleapis.com/google.cloud.functions.v1.CloudFunction","name":"projects/tech4med-43b95/locations/us-central1/functions/sendEmail","httpsTrigger":{"url":"https://us-central1-tech4med-43b95.cloudfunctions.net/sendEmail","securityLevel":"SECURE_ALWAYS"},"status":"ACTIVE","entryPoint":"sendEmail","updateTime":"2023-11-30T18:53:34.574Z","versionId":"3","labels":{"deployment-tool":"cli-firebase","deployment-callable":"true","firebase-functions-hash":"265ad30acc3830d9aa2b1dbaebbdb65bd6950a75"},"sourceUploadUrl":"https://storage.googleapis.com/uploads-208795101614.us-central1.cloudfunctions.appspot.com/e7f5320e-1e85-4e2a-ad7b-c0a590bd8148.zip?GoogleAccessId=service-738922399838@gcf-admin-robot.iam.gserviceaccount.com&Expires=1701444420&Signature=afminarsdSiQDxF2BuhM%2FPspiChUWHDesDStCHrTNALrqF84chqw4sSNOdds1GO%2FidELK%2FhJjuMYtHZYPbUA2Uw2d8m021ccmHkDbBTIKCMHnk6gAIhq4ntyQ0Zu6rIBxTeG5Y8RlbOg4Y%2Fc6Ta6xOIAguF8h%2FUvlfDnyjjj0ZJ4q%2FB3pGPHwisUL5v95yUL4jASO9LkWdiDQKeyumwzlHt3yoIsuK0Mp4UcEjbREqREPn7FxKfhC%2BuHjCwDHNSozrLjBK3l%2FfvNvaabbtbPXCFFw5Y7Tgl1J0ZpQRCx3y%2FwazSjShWmIDBfq5oijDP1zKI3q8JIaV%2FAgPejfNwX7g%3D%3D","environmentVariables":{"FIREBASE_CONFIG":"{\"projectId\":\"tech4med-43b95\",\"storageBucket\":\"tech4med-43b95.appspot.com\"}","GCLOUD_PROJECT":"tech4med-43b95","EVENTARC_CLOUD_EVENT_SOURCE":"projects/tech4med-43b95/locations/us-central1/functions/sendEmail"},"runtime":"nodejs18","buildId":"cc283622-e4ab-4f48-9db0-a1364e83c876","buildEnvironmentVariables":{"GOOGLE_NODE_RUN_SCRIPTS":""},"buildName":"projects/738922399838/locations/us-central1/builds/cc283622-e4ab-4f48-9db0-a1364e83c876","dockerRegistry":"ARTIFACT_REGISTRY"},"versionId":"4","updateTime":"2023-12-01T14:57:02Z"}}
[debug] [2023-12-01T14:57:02.527Z] >>> [apiv2][query] GET https://cloudfunctions.googleapis.com/v1/operations/dGVjaDRtZWQtNDNiOTUvdXMtY2VudHJhbDEvc2VuZEVtYWlsL0xwQ2pOdnp4NjFZ [none]
[debug] [2023-12-01T14:57:02.984Z] <<< [apiv2][status] GET https://cloudfunctions.googleapis.com/v1/operations/dGVjaDRtZWQtNDNiOTUvdXMtY2VudHJhbDEvc2VuZEVtYWlsL0xwQ2pOdnp4NjFZ 200
[debug] [2023-12-01T14:57:02.984Z] <<< [apiv2][body] GET https://cloudfunctions.googleapis.com/v1/operations/dGVjaDRtZWQtNDNiOTUvdXMtY2VudHJhbDEvc2VuZEVtYWlsL0xwQ2pOdnp4NjFZ {"name":"operations/dGVjaDRtZWQtNDNiOTUvdXMtY2VudHJhbDEvc2VuZEVtYWlsL0xwQ2pOdnp4NjFZ","metadata":{"@type":"type.googleapis.com/google.cloud.functions.v1.OperationMetadataV1","target":"projects/tech4med-43b95/locations/us-central1/functions/sendEmail","type":"UPDATE_FUNCTION","request":{"@type":"type.googleapis.com/google.cloud.functions.v1.CloudFunction","name":"projects/tech4med-43b95/locations/us-central1/functions/sendEmail","httpsTrigger":{"url":"https://us-central1-tech4med-43b95.cloudfunctions.net/sendEmail","securityLevel":"SECURE_ALWAYS"},"status":"ACTIVE","entryPoint":"sendEmail","updateTime":"2023-11-30T18:53:34.574Z","versionId":"3","labels":{"deployment-tool":"cli-firebase","deployment-callable":"true","firebase-functions-hash":"265ad30acc3830d9aa2b1dbaebbdb65bd6950a75"},"sourceUploadUrl":"https://storage.googleapis.com/uploads-208795101614.us-central1.cloudfunctions.appspot.com/e7f5320e-1e85-4e2a-ad7b-c0a590bd8148.zip?GoogleAccessId=service-738922399838@gcf-admin-robot.iam.gserviceaccount.com&Expires=1701444420&Signature=afminarsdSiQDxF2BuhM%2FPspiChUWHDesDStCHrTNALrqF84chqw4sSNOdds1GO%2FidELK%2FhJjuMYtHZYPbUA2Uw2d8m021ccmHkDbBTIKCMHnk6gAIhq4ntyQ0Zu6rIBxTeG5Y8RlbOg4Y%2Fc6Ta6xOIAguF8h%2FUvlfDnyjjj0ZJ4q%2FB3pGPHwisUL5v95yUL4jASO9LkWdiDQKeyumwzlHt3yoIsuK0Mp4UcEjbREqREPn7FxKfhC%2BuHjCwDHNSozrLjBK3l%2FfvNvaabbtbPXCFFw5Y7Tgl1J0ZpQRCx3y%2FwazSjShWmIDBfq5oijDP1zKI3q8JIaV%2FAgPejfNwX7g%3D%3D","environmentVariables":{"FIREBASE_CONFIG":"{\"projectId\":\"tech4med-43b95\",\"storageBucket\":\"tech4med-43b95.appspot.com\"}","GCLOUD_PROJECT":"tech4med-43b95","EVENTARC_CLOUD_EVENT_SOURCE":"projects/tech4med-43b95/locations/us-central1/functions/sendEmail"},"runtime":"nodejs18","buildId":"cc283622-e4ab-4f48-9db0-a1364e83c876","buildEnvironmentVariables":{"GOOGLE_NODE_RUN_SCRIPTS":""},"buildName":"projects/738922399838/locations/us-central1/builds/cc283622-e4ab-4f48-9db0-a1364e83c876","dockerRegistry":"ARTIFACT_REGISTRY"},"versionId":"4","updateTime":"2023-12-01T14:57:02Z"}}
[debug] [2023-12-01T14:57:03.486Z] [update-default-us-central1-sendEmail] Retrying task index 0
[debug] [2023-12-01T14:57:03.486Z] >>> [apiv2][query] GET https://cloudfunctions.googleapis.com/v1/operations/dGVjaDRtZWQtNDNiOTUvdXMtY2VudHJhbDEvc2VuZEVtYWlsL0xwQ2pOdnp4NjFZ [none]
[debug] [2023-12-01T14:57:04.265Z] <<< [apiv2][status] GET https://cloudfunctions.googleapis.com/v1/operations/dGVjaDRtZWQtNDNiOTUvdXMtY2VudHJhbDEvc2VuZEVtYWlsL0xwQ2pOdnp4NjFZ 200
[debug] [2023-12-01T14:57:04.265Z] <<< [apiv2][body] GET https://cloudfunctions.googleapis.com/v1/operations/dGVjaDRtZWQtNDNiOTUvdXMtY2VudHJhbDEvc2VuZEVtYWlsL0xwQ2pOdnp4NjFZ {"name":"operations/dGVjaDRtZWQtNDNiOTUvdXMtY2VudHJhbDEvc2VuZEVtYWlsL0xwQ2pOdnp4NjFZ","metadata":{"@type":"type.googleapis.com/google.cloud.functions.v1.OperationMetadataV1","target":"projects/tech4med-43b95/locations/us-central1/functions/sendEmail","type":"UPDATE_FUNCTION","request":{"@type":"type.googleapis.com/google.cloud.functions.v1.CloudFunction","name":"projects/tech4med-43b95/locations/us-central1/functions/sendEmail","httpsTrigger":{"url":"https://us-central1-tech4med-43b95.cloudfunctions.net/sendEmail","securityLevel":"SECURE_ALWAYS"},"status":"ACTIVE","entryPoint":"sendEmail","updateTime":"2023-11-30T18:53:34.574Z","versionId":"3","labels":{"deployment-tool":"cli-firebase","deployment-callable":"true","firebase-functions-hash":"265ad30acc3830d9aa2b1dbaebbdb65bd6950a75"},"sourceUploadUrl":"https://storage.googleapis.com/uploads-208795101614.us-central1.cloudfunctions.appspot.com/e7f5320e-1e85-4e2a-ad7b-c0a590bd8148.zip?GoogleAccessId=service-738922399838@gcf-admin-robot.iam.gserviceaccount.com&Expires=1701444420&Signature=afminarsdSiQDxF2BuhM%2FPspiChUWHDesDStCHrTNALrqF84chqw4sSNOdds1GO%2FidELK%2FhJjuMYtHZYPbUA2Uw2d8m021ccmHkDbBTIKCMHnk6gAIhq4ntyQ0Zu6rIBxTeG5Y8RlbOg4Y%2Fc6Ta6xOIAguF8h%2FUvlfDnyjjj0ZJ4q%2FB3pGPHwisUL5v95yUL4jASO9LkWdiDQKeyumwzlHt3yoIsuK0Mp4UcEjbREqREPn7FxKfhC%2BuHjCwDHNSozrLjBK3l%2FfvNvaabbtbPXCFFw5Y7Tgl1J0ZpQRCx3y%2FwazSjShWmIDBfq5oijDP1zKI3q8JIaV%2FAgPejfNwX7g%3D%3D","environmentVariables":{"FIREBASE_CONFIG":"{\"projectId\":\"tech4med-43b95\",\"storageBucket\":\"tech4med-43b95.appspot.com\"}","GCLOUD_PROJECT":"tech4med-43b95","EVENTARC_CLOUD_EVENT_SOURCE":"projects/tech4med-43b95/locations/us-central1/functions/sendEmail"},"runtime":"nodejs18","buildId":"cc283622-e4ab-4f48-9db0-a1364e83c876","buildEnvironmentVariables":{"GOOGLE_NODE_RUN_SCRIPTS":""},"buildName":"projects/738922399838/locations/us-central1/builds/cc283622-e4ab-4f48-9db0-a1364e83c876","dockerRegistry":"ARTIFACT_REGISTRY"},"versionId":"4","updateTime":"2023-12-01T14:57:02Z","buildId":"b222eb57-861b-4d9b-8135-8137d52a1dc8","buildName":"projects/738922399838/locations/us-central1/builds/b222eb57-861b-4d9b-8135-8137d52a1dc8"}}
[debug] [2023-12-01T14:57:05.266Z] [update-default-us-central1-sendEmail] Retrying task index 0
[debug] [2023-12-01T14:57:05.267Z] >>> [apiv2][query] GET https://cloudfunctions.googleapis.com/v1/operations/dGVjaDRtZWQtNDNiOTUvdXMtY2VudHJhbDEvc2VuZEVtYWlsL0xwQ2pOdnp4NjFZ [none]
[debug] [2023-12-01T14:57:05.666Z] <<< [apiv2][status] GET https://cloudfunctions.googleapis.com/v1/operations/dGVjaDRtZWQtNDNiOTUvdXMtY2VudHJhbDEvc2VuZEVtYWlsL0xwQ2pOdnp4NjFZ 200
[debug] [2023-12-01T14:57:05.666Z] <<< [apiv2][body] GET https://cloudfunctions.googleapis.com/v1/operations/dGVjaDRtZWQtNDNiOTUvdXMtY2VudHJhbDEvc2VuZEVtYWlsL0xwQ2pOdnp4NjFZ {"name":"operations/dGVjaDRtZWQtNDNiOTUvdXMtY2VudHJhbDEvc2VuZEVtYWlsL0xwQ2pOdnp4NjFZ","metadata":{"@type":"type.googleapis.com/google.cloud.functions.v1.OperationMetadataV1","target":"projects/tech4med-43b95/locations/us-central1/functions/sendEmail","type":"UPDATE_FUNCTION","request":{"@type":"type.googleapis.com/google.cloud.functions.v1.CloudFunction","name":"projects/tech4med-43b95/locations/us-central1/functions/sendEmail","httpsTrigger":{"url":"https://us-central1-tech4med-43b95.cloudfunctions.net/sendEmail","securityLevel":"SECURE_ALWAYS"},"status":"ACTIVE","entryPoint":"sendEmail","updateTime":"2023-11-30T18:53:34.574Z","versionId":"3","labels":{"deployment-tool":"cli-firebase","deployment-callable":"true","firebase-functions-hash":"265ad30acc3830d9aa2b1dbaebbdb65bd6950a75"},"sourceUploadUrl":"https://storage.googleapis.com/uploads-208795101614.us-central1.cloudfunctions.appspot.com/e7f5320e-1e85-4e2a-ad7b-c0a590bd8148.zip?GoogleAccessId=service-738922399838@gcf-admin-robot.iam.gserviceaccount.com&Expires=1701444420&Signature=afminarsdSiQDxF2BuhM%2FPspiChUWHDesDStCHrTNALrqF84chqw4sSNOdds1GO%2FidELK%2FhJjuMYtHZYPbUA2Uw2d8m021ccmHkDbBTIKCMHnk6gAIhq4ntyQ0Zu6rIBxTeG5Y8RlbOg4Y%2Fc6Ta6xOIAguF8h%2FUvlfDnyjjj0ZJ4q%2FB3pGPHwisUL5v95yUL4jASO9LkWdiDQKeyumwzlHt3yoIsuK0Mp4UcEjbREqREPn7FxKfhC%2BuHjCwDHNSozrLjBK3l%2FfvNvaabbtbPXCFFw5Y7Tgl1J0ZpQRCx3y%2FwazSjShWmIDBfq5oijDP1zKI3q8JIaV%2FAgPejfNwX7g%3D%3D","environmentVariables":{"FIREBASE_CONFIG":"{\"projectId\":\"tech4med-43b95\",\"storageBucket\":\"tech4med-43b95.appspot.com\"}","GCLOUD_PROJECT":"tech4med-43b95","EVENTARC_CLOUD_EVENT_SOURCE":"projects/tech4med-43b95/locations/us-central1/functions/sendEmail"},"runtime":"nodejs18","buildId":"cc283622-e4ab-4f48-9db0-a1364e83c876","buildEnvironmentVariables":{"GOOGLE_NODE_RUN_SCRIPTS":""},"buildName":"projects/738922399838/locations/us-central1/builds/cc283622-e4ab-4f48-9db0-a1364e83c876","dockerRegistry":"ARTIFACT_REGISTRY"},"versionId":"4","updateTime":"2023-12-01T14:57:02Z","buildId":"b222eb57-861b-4d9b-8135-8137d52a1dc8","buildName":"projects/738922399838/locations/us-central1/builds/b222eb57-861b-4d9b-8135-8137d52a1dc8"}}
[debug] [2023-12-01T14:57:07.668Z] [update-default-us-central1-sendEmail] Retrying task index 0
[debug] [2023-12-01T14:57:07.668Z] >>> [apiv2][query] GET https://cloudfunctions.googleapis.com/v1/operations/dGVjaDRtZWQtNDNiOTUvdXMtY2VudHJhbDEvc2VuZEVtYWlsL0xwQ2pOdnp4NjFZ [none]
[debug] [2023-12-01T14:57:08.360Z] <<< [apiv2][status] GET https://cloudfunctions.googleapis.com/v1/operations/dGVjaDRtZWQtNDNiOTUvdXMtY2VudHJhbDEvc2VuZEVtYWlsL0xwQ2pOdnp4NjFZ 200
[debug] [2023-12-01T14:57:08.360Z] <<< [apiv2][body] GET https://cloudfunctions.googleapis.com/v1/operations/dGVjaDRtZWQtNDNiOTUvdXMtY2VudHJhbDEvc2VuZEVtYWlsL0xwQ2pOdnp4NjFZ {"name":"operations/dGVjaDRtZWQtNDNiOTUvdXMtY2VudHJhbDEvc2VuZEVtYWlsL0xwQ2pOdnp4NjFZ","metadata":{"@type":"type.googleapis.com/google.cloud.functions.v1.OperationMetadataV1","target":"projects/tech4med-43b95/locations/us-central1/functions/sendEmail","type":"UPDATE_FUNCTION","request":{"@type":"type.googleapis.com/google.cloud.functions.v1.CloudFunction","name":"projects/tech4med-43b95/locations/us-central1/functions/sendEmail","httpsTrigger":{"url":"https://us-central1-tech4med-43b95.cloudfunctions.net/sendEmail","securityLevel":"SECURE_ALWAYS"},"status":"ACTIVE","entryPoint":"sendEmail","updateTime":"2023-11-30T18:53:34.574Z","versionId":"3","labels":{"deployment-tool":"cli-firebase","deployment-callable":"true","firebase-functions-hash":"265ad30acc3830d9aa2b1dbaebbdb65bd6950a75"},"sourceUploadUrl":"https://storage.googleapis.com/uploads-208795101614.us-central1.cloudfunctions.appspot.com/e7f5320e-1e85-4e2a-ad7b-c0a590bd8148.zip?GoogleAccessId=service-738922399838@gcf-admin-robot.iam.gserviceaccount.com&Expires=1701444420&Signature=afminarsdSiQDxF2BuhM%2FPspiChUWHDesDStCHrTNALrqF84chqw4sSNOdds1GO%2FidELK%2FhJjuMYtHZYPbUA2Uw2d8m021ccmHkDbBTIKCMHnk6gAIhq4ntyQ0Zu6rIBxTeG5Y8RlbOg4Y%2Fc6Ta6xOIAguF8h%2FUvlfDnyjjj0ZJ4q%2FB3pGPHwisUL5v95yUL4jASO9LkWdiDQKeyumwzlHt3yoIsuK0Mp4UcEjbREqREPn7FxKfhC%2BuHjCwDHNSozrLjBK3l%2FfvNvaabbtbPXCFFw5Y7Tgl1J0ZpQRCx3y%2FwazSjShWmIDBfq5oijDP1zKI3q8JIaV%2FAgPejfNwX7g%3D%3D","environmentVariables":{"FIREBASE_CONFIG":"{\"projectId\":\"tech4med-43b95\",\"storageBucket\":\"tech4med-43b95.appspot.com\"}","GCLOUD_PROJECT":"tech4med-43b95","EVENTARC_CLOUD_EVENT_SOURCE":"projects/tech4med-43b95/locations/us-central1/functions/sendEmail"},"runtime":"nodejs18","buildId":"cc283622-e4ab-4f48-9db0-a1364e83c876","buildEnvironmentVariables":{"GOOGLE_NODE_RUN_SCRIPTS":""},"buildName":"projects/738922399838/locations/us-central1/builds/cc283622-e4ab-4f48-9db0-a1364e83c876","dockerRegistry":"ARTIFACT_REGISTRY"},"versionId":"4","updateTime":"2023-12-01T14:57:02Z","buildId":"b222eb57-861b-4d9b-8135-8137d52a1dc8","buildName":"projects/738922399838/locations/us-central1/builds/b222eb57-861b-4d9b-8135-8137d52a1dc8"}}
[debug] [2023-12-01T14:57:12.361Z] [update-default-us-central1-sendEmail] Retrying task index 0
[debug] [2023-12-01T14:57:12.362Z] >>> [apiv2][query] GET https://cloudfunctions.googleapis.com/v1/operations/dGVjaDRtZWQtNDNiOTUvdXMtY2VudHJhbDEvc2VuZEVtYWlsL0xwQ2pOdnp4NjFZ [none]
[debug] [2023-12-01T14:57:13.071Z] <<< [apiv2][status] GET https://cloudfunctions.googleapis.com/v1/operations/dGVjaDRtZWQtNDNiOTUvdXMtY2VudHJhbDEvc2VuZEVtYWlsL0xwQ2pOdnp4NjFZ 200
[debug] [2023-12-01T14:57:13.071Z] <<< [apiv2][body] GET https://cloudfunctions.googleapis.com/v1/operations/dGVjaDRtZWQtNDNiOTUvdXMtY2VudHJhbDEvc2VuZEVtYWlsL0xwQ2pOdnp4NjFZ {"name":"operations/dGVjaDRtZWQtNDNiOTUvdXMtY2VudHJhbDEvc2VuZEVtYWlsL0xwQ2pOdnp4NjFZ","metadata":{"@type":"type.googleapis.com/google.cloud.functions.v1.OperationMetadataV1","target":"projects/tech4med-43b95/locations/us-central1/functions/sendEmail","type":"UPDATE_FUNCTION","request":{"@type":"type.googleapis.com/google.cloud.functions.v1.CloudFunction","name":"projects/tech4med-43b95/locations/us-central1/functions/sendEmail","httpsTrigger":{"url":"https://us-central1-tech4med-43b95.cloudfunctions.net/sendEmail","securityLevel":"SECURE_ALWAYS"},"status":"ACTIVE","entryPoint":"sendEmail","updateTime":"2023-11-30T18:53:34.574Z","versionId":"3","labels":{"deployment-tool":"cli-firebase","deployment-callable":"true","firebase-functions-hash":"265ad30acc3830d9aa2b1dbaebbdb65bd6950a75"},"sourceUploadUrl":"https://storage.googleapis.com/uploads-208795101614.us-central1.cloudfunctions.appspot.com/e7f5320e-1e85-4e2a-ad7b-c0a590bd8148.zip?GoogleAccessId=service-738922399838@gcf-admin-robot.iam.gserviceaccount.com&Expires=1701444420&Signature=afminarsdSiQDxF2BuhM%2FPspiChUWHDesDStCHrTNALrqF84chqw4sSNOdds1GO%2FidELK%2FhJjuMYtHZYPbUA2Uw2d8m021ccmHkDbBTIKCMHnk6gAIhq4ntyQ0Zu6rIBxTeG5Y8RlbOg4Y%2Fc6Ta6xOIAguF8h%2FUvlfDnyjjj0ZJ4q%2FB3pGPHwisUL5v95yUL4jASO9LkWdiDQKeyumwzlHt3yoIsuK0Mp4UcEjbREqREPn7FxKfhC%2BuHjCwDHNSozrLjBK3l%2FfvNvaabbtbPXCFFw5Y7Tgl1J0ZpQRCx3y%2FwazSjShWmIDBfq5oijDP1zKI3q8JIaV%2FAgPejfNwX7g%3D%3D","environmentVariables":{"FIREBASE_CONFIG":"{\"projectId\":\"tech4med-43b95\",\"storageBucket\":\"tech4med-43b95.appspot.com\"}","GCLOUD_PROJECT":"tech4med-43b95","EVENTARC_CLOUD_EVENT_SOURCE":"projects/tech4med-43b95/locations/us-central1/functions/sendEmail"},"runtime":"nodejs18","buildId":"cc283622-e4ab-4f48-9db0-a1364e83c876","buildEnvironmentVariables":{"GOOGLE_NODE_RUN_SCRIPTS":""},"buildName":"projects/738922399838/locations/us-central1/builds/cc283622-e4ab-4f48-9db0-a1364e83c876","dockerRegistry":"ARTIFACT_REGISTRY"},"versionId":"4","updateTime":"2023-12-01T14:57:02Z","buildId":"b222eb57-861b-4d9b-8135-8137d52a1dc8","buildName":"projects/738922399838/locations/us-central1/builds/b222eb57-861b-4d9b-8135-8137d52a1dc8"}}
[debug] [2023-12-01T14:57:21.072Z] [update-default-us-central1-sendEmail] Retrying task index 0
[debug] [2023-12-01T14:57:21.072Z] >>> [apiv2][query] GET https://cloudfunctions.googleapis.com/v1/operations/dGVjaDRtZWQtNDNiOTUvdXMtY2VudHJhbDEvc2VuZEVtYWlsL0xwQ2pOdnp4NjFZ [none]
[debug] [2023-12-01T14:57:21.775Z] <<< [apiv2][status] GET https://cloudfunctions.googleapis.com/v1/operations/dGVjaDRtZWQtNDNiOTUvdXMtY2VudHJhbDEvc2VuZEVtYWlsL0xwQ2pOdnp4NjFZ 200
[debug] [2023-12-01T14:57:21.775Z] <<< [apiv2][body] GET https://cloudfunctions.googleapis.com/v1/operations/dGVjaDRtZWQtNDNiOTUvdXMtY2VudHJhbDEvc2VuZEVtYWlsL0xwQ2pOdnp4NjFZ {"name":"operations/dGVjaDRtZWQtNDNiOTUvdXMtY2VudHJhbDEvc2VuZEVtYWlsL0xwQ2pOdnp4NjFZ","metadata":{"@type":"type.googleapis.com/google.cloud.functions.v1.OperationMetadataV1","target":"projects/tech4med-43b95/locations/us-central1/functions/sendEmail","type":"UPDATE_FUNCTION","request":{"@type":"type.googleapis.com/google.cloud.functions.v1.CloudFunction","name":"projects/tech4med-43b95/locations/us-central1/functions/sendEmail","httpsTrigger":{"url":"https://us-central1-tech4med-43b95.cloudfunctions.net/sendEmail","securityLevel":"SECURE_ALWAYS"},"status":"ACTIVE","entryPoint":"sendEmail","updateTime":"2023-11-30T18:53:34.574Z","versionId":"3","labels":{"deployment-tool":"cli-firebase","deployment-callable":"true","firebase-functions-hash":"265ad30acc3830d9aa2b1dbaebbdb65bd6950a75"},"sourceUploadUrl":"https://storage.googleapis.com/uploads-208795101614.us-central1.cloudfunctions.appspot.com/e7f5320e-1e85-4e2a-ad7b-c0a590bd8148.zip?GoogleAccessId=service-738922399838@gcf-admin-robot.iam.gserviceaccount.com&Expires=1701444420&Signature=afminarsdSiQDxF2BuhM%2FPspiChUWHDesDStCHrTNALrqF84chqw4sSNOdds1GO%2FidELK%2FhJjuMYtHZYPbUA2Uw2d8m021ccmHkDbBTIKCMHnk6gAIhq4ntyQ0Zu6rIBxTeG5Y8RlbOg4Y%2Fc6Ta6xOIAguF8h%2FUvlfDnyjjj0ZJ4q%2FB3pGPHwisUL5v95yUL4jASO9LkWdiDQKeyumwzlHt3yoIsuK0Mp4UcEjbREqREPn7FxKfhC%2BuHjCwDHNSozrLjBK3l%2FfvNvaabbtbPXCFFw5Y7Tgl1J0ZpQRCx3y%2FwazSjShWmIDBfq5oijDP1zKI3q8JIaV%2FAgPejfNwX7g%3D%3D","environmentVariables":{"FIREBASE_CONFIG":"{\"projectId\":\"tech4med-43b95\",\"storageBucket\":\"tech4med-43b95.appspot.com\"}","GCLOUD_PROJECT":"tech4med-43b95","EVENTARC_CLOUD_EVENT_SOURCE":"projects/tech4med-43b95/locations/us-central1/functions/sendEmail"},"runtime":"nodejs18","buildId":"cc283622-e4ab-4f48-9db0-a1364e83c876","buildEnvironmentVariables":{"GOOGLE_NODE_RUN_SCRIPTS":""},"buildName":"projects/738922399838/locations/us-central1/builds/cc283622-e4ab-4f48-9db0-a1364e83c876","dockerRegistry":"ARTIFACT_REGISTRY"},"versionId":"4","updateTime":"2023-12-01T14:57:02Z","buildId":"b222eb57-861b-4d9b-8135-8137d52a1dc8","buildName":"projects/738922399838/locations/us-central1/builds/b222eb57-861b-4d9b-8135-8137d52a1dc8"}}
[debug] [2023-12-01T14:57:31.776Z] [update-default-us-central1-sendEmail] Retrying task index 0
[debug] [2023-12-01T14:57:31.777Z] >>> [apiv2][query] GET https://cloudfunctions.googleapis.com/v1/operations/dGVjaDRtZWQtNDNiOTUvdXMtY2VudHJhbDEvc2VuZEVtYWlsL0xwQ2pOdnp4NjFZ [none]
[debug] [2023-12-01T14:57:32.530Z] <<< [apiv2][status] GET https://cloudfunctions.googleapis.com/v1/operations/dGVjaDRtZWQtNDNiOTUvdXMtY2VudHJhbDEvc2VuZEVtYWlsL0xwQ2pOdnp4NjFZ 200
[debug] [2023-12-01T14:57:32.530Z] <<< [apiv2][body] GET https://cloudfunctions.googleapis.com/v1/operations/dGVjaDRtZWQtNDNiOTUvdXMtY2VudHJhbDEvc2VuZEVtYWlsL0xwQ2pOdnp4NjFZ {"name":"operations/dGVjaDRtZWQtNDNiOTUvdXMtY2VudHJhbDEvc2VuZEVtYWlsL0xwQ2pOdnp4NjFZ","metadata":{"@type":"type.googleapis.com/google.cloud.functions.v1.OperationMetadataV1","target":"projects/tech4med-43b95/locations/us-central1/functions/sendEmail","type":"UPDATE_FUNCTION","request":{"@type":"type.googleapis.com/google.cloud.functions.v1.CloudFunction","name":"projects/tech4med-43b95/locations/us-central1/functions/sendEmail","httpsTrigger":{"url":"https://us-central1-tech4med-43b95.cloudfunctions.net/sendEmail","securityLevel":"SECURE_ALWAYS"},"status":"ACTIVE","entryPoint":"sendEmail","updateTime":"2023-11-30T18:53:34.574Z","versionId":"3","labels":{"deployment-tool":"cli-firebase","deployment-callable":"true","firebase-functions-hash":"265ad30acc3830d9aa2b1dbaebbdb65bd6950a75"},"sourceUploadUrl":"https://storage.googleapis.com/uploads-208795101614.us-central1.cloudfunctions.appspot.com/e7f5320e-1e85-4e2a-ad7b-c0a590bd8148.zip?GoogleAccessId=service-738922399838@gcf-admin-robot.iam.gserviceaccount.com&Expires=1701444420&Signature=afminarsdSiQDxF2BuhM%2FPspiChUWHDesDStCHrTNALrqF84chqw4sSNOdds1GO%2FidELK%2FhJjuMYtHZYPbUA2Uw2d8m021ccmHkDbBTIKCMHnk6gAIhq4ntyQ0Zu6rIBxTeG5Y8RlbOg4Y%2Fc6Ta6xOIAguF8h%2FUvlfDnyjjj0ZJ4q%2FB3pGPHwisUL5v95yUL4jASO9LkWdiDQKeyumwzlHt3yoIsuK0Mp4UcEjbREqREPn7FxKfhC%2BuHjCwDHNSozrLjBK3l%2FfvNvaabbtbPXCFFw5Y7Tgl1J0ZpQRCx3y%2FwazSjShWmIDBfq5oijDP1zKI3q8JIaV%2FAgPejfNwX7g%3D%3D","environmentVariables":{"FIREBASE_CONFIG":"{\"projectId\":\"tech4med-43b95\",\"storageBucket\":\"tech4med-43b95.appspot.com\"}","GCLOUD_PROJECT":"tech4med-43b95","EVENTARC_CLOUD_EVENT_SOURCE":"projects/tech4med-43b95/locations/us-central1/functions/sendEmail"},"runtime":"nodejs18","buildId":"cc283622-e4ab-4f48-9db0-a1364e83c876","buildEnvironmentVariables":{"GOOGLE_NODE_RUN_SCRIPTS":""},"buildName":"projects/738922399838/locations/us-central1/builds/cc283622-e4ab-4f48-9db0-a1364e83c876","dockerRegistry":"ARTIFACT_REGISTRY"},"versionId":"4","updateTime":"2023-12-01T14:57:02Z","buildId":"b222eb57-861b-4d9b-8135-8137d52a1dc8","buildName":"projects/738922399838/locations/us-central1/builds/b222eb57-861b-4d9b-8135-8137d52a1dc8"}}
